{"/Users/mazhiwei/github/node/mosh/VIDLY/index.js": {"path":"/Users/mazhiwei/github/node/mosh/VIDLY/index.js","statementMap":{"0":{"start":{"line":1,"column":16},"end":{"line":1,"column":34}},"1":{"start":{"line":2,"column":16},"end":{"line":2,"column":34}},"2":{"start":{"line":3,"column":12},"end":{"line":3,"column":21}},"3":{"start":{"line":5,"column":0},"end":{"line":5,"column":29}},"4":{"start":{"line":6,"column":0},"end":{"line":6,"column":33}},"5":{"start":{"line":7,"column":0},"end":{"line":7,"column":26}},"6":{"start":{"line":8,"column":0},"end":{"line":8,"column":30}},"7":{"start":{"line":9,"column":0},"end":{"line":9,"column":34}},"8":{"start":{"line":11,"column":13},"end":{"line":11,"column":37}},"9":{"start":{"line":12,"column":15},"end":{"line":14,"column":1}},"10":{"start":{"line":13,"column":2},"end":{"line":13,"column":44}},"11":{"start":{"line":16,"column":0},"end":{"line":16,"column":24}}},"fnMap":{"0":{"name":"(anonymous_0)","decl":{"start":{"line":12,"column":32},"end":{"line":12,"column":33}},"loc":{"start":{"line":13,"column":2},"end":{"line":13,"column":44}},"line":13}},"branchMap":{"0":{"loc":{"start":{"line":11,"column":13},"end":{"line":11,"column":37}},"type":"binary-expr","locations":[{"start":{"line":11,"column":13},"end":{"line":11,"column":29}},{"start":{"line":11,"column":33},"end":{"line":11,"column":37}}],"line":11}},"s":{"0":1,"1":1,"2":1,"3":1,"4":1,"5":1,"6":1,"7":1,"8":1,"9":1,"10":1,"11":1},"f":{"0":1},"b":{"0":[1,1]},"_coverageSchema":"332fd63041d2c1bcb487cc26dd0d5f7d97098a6c","hash":"df3fae87b48c98d7a1824f3bbf248fe415b6a2e5"}
,"/Users/mazhiwei/github/node/mosh/VIDLY/middleware/admin.js": {"path":"/Users/mazhiwei/github/node/mosh/VIDLY/middleware/admin.js","statementMap":{"0":{"start":{"line":2,"column":2},"end":{"line":2,"column":70}},"1":{"start":{"line":2,"column":25},"end":{"line":2,"column":70}},"2":{"start":{"line":3,"column":2},"end":{"line":3,"column":9}},"3":{"start":{"line":6,"column":0},"end":{"line":6,"column":23}}},"fnMap":{"0":{"name":"admin","decl":{"start":{"line":1,"column":9},"end":{"line":1,"column":14}},"loc":{"start":{"line":1,"column":31},"end":{"line":4,"column":1}},"line":1}},"branchMap":{"0":{"loc":{"start":{"line":2,"column":2},"end":{"line":2,"column":70}},"type":"if","locations":[{"start":{"line":2,"column":2},"end":{"line":2,"column":70}},{"start":{"line":2,"column":2},"end":{"line":2,"column":70}}],"line":2}},"s":{"0":0,"1":0,"2":0,"3":1},"f":{"0":0},"b":{"0":[0,0]},"_coverageSchema":"332fd63041d2c1bcb487cc26dd0d5f7d97098a6c","hash":"49d163c8c842c421655ddea2662a2fb8737e75dd"}
,"/Users/mazhiwei/github/node/mosh/VIDLY/middleware/async.js": {"path":"/Users/mazhiwei/github/node/mosh/VIDLY/middleware/async.js","statementMap":{"0":{"start":{"line":1,"column":0},"end":{"line":9,"column":2}},"1":{"start":{"line":2,"column":2},"end":{"line":8,"column":4}},"2":{"start":{"line":3,"column":4},"end":{"line":7,"column":5}},"3":{"start":{"line":4,"column":6},"end":{"line":4,"column":30}},"4":{"start":{"line":6,"column":6},"end":{"line":6,"column":15}}},"fnMap":{"0":{"name":"asyncMiddleware","decl":{"start":{"line":1,"column":26},"end":{"line":1,"column":41}},"loc":{"start":{"line":1,"column":51},"end":{"line":9,"column":1}},"line":1},"1":{"name":"(anonymous_1)","decl":{"start":{"line":2,"column":9},"end":{"line":2,"column":10}},"loc":{"start":{"line":2,"column":35},"end":{"line":8,"column":3}},"line":2}},"branchMap":{},"s":{"0":1,"1":0,"2":0,"3":0,"4":0},"f":{"0":0,"1":0},"b":{},"_coverageSchema":"332fd63041d2c1bcb487cc26dd0d5f7d97098a6c","hash":"75399d7e075c70273815d04c4be943a38bae62c6"}
,"/Users/mazhiwei/github/node/mosh/VIDLY/middleware/auth.js": {"path":"/Users/mazhiwei/github/node/mosh/VIDLY/middleware/auth.js","statementMap":{"0":{"start":{"line":1,"column":12},"end":{"line":1,"column":35}},"1":{"start":{"line":2,"column":15},"end":{"line":2,"column":32}},"2":{"start":{"line":4,"column":16},"end":{"line":4,"column":42}},"3":{"start":{"line":5,"column":2},"end":{"line":5,"column":78}},"4":{"start":{"line":5,"column":14},"end":{"line":5,"column":78}},"5":{"start":{"line":7,"column":2},"end":{"line":13,"column":3}},"6":{"start":{"line":8,"column":20},"end":{"line":8,"column":66}},"7":{"start":{"line":9,"column":4},"end":{"line":9,"column":23}},"8":{"start":{"line":10,"column":4},"end":{"line":10,"column":11}},"9":{"start":{"line":12,"column":4},"end":{"line":12,"column":50}},"10":{"start":{"line":16,"column":0},"end":{"line":16,"column":22}}},"fnMap":{"0":{"name":"auth","decl":{"start":{"line":3,"column":9},"end":{"line":3,"column":13}},"loc":{"start":{"line":3,"column":30},"end":{"line":14,"column":1}},"line":3}},"branchMap":{"0":{"loc":{"start":{"line":5,"column":2},"end":{"line":5,"column":78}},"type":"if","locations":[{"start":{"line":5,"column":2},"end":{"line":5,"column":78}},{"start":{"line":5,"column":2},"end":{"line":5,"column":78}}],"line":5}},"s":{"0":1,"1":1,"2":10,"3":10,"4":1,"5":9,"6":9,"7":9,"8":9,"9":0,"10":1},"f":{"0":10},"b":{"0":[1,9]},"_coverageSchema":"332fd63041d2c1bcb487cc26dd0d5f7d97098a6c","hash":"a288fb92b9662d2cf52df3cbe32b0d78fe5bf8a6"}
,"/Users/mazhiwei/github/node/mosh/VIDLY/middleware/error.js": {"path":"/Users/mazhiwei/github/node/mosh/VIDLY/middleware/error.js","statementMap":{"0":{"start":{"line":1,"column":16},"end":{"line":1,"column":34}},"1":{"start":{"line":3,"column":0},"end":{"line":6,"column":2}},"2":{"start":{"line":4,"column":2},"end":{"line":4,"column":34}},"3":{"start":{"line":5,"column":2},"end":{"line":5,"column":44}}},"fnMap":{"0":{"name":"(anonymous_0)","decl":{"start":{"line":3,"column":17},"end":{"line":3,"column":18}},"loc":{"start":{"line":3,"column":47},"end":{"line":6,"column":1}},"line":3}},"branchMap":{},"s":{"0":1,"1":1,"2":0,"3":0},"f":{"0":0},"b":{},"_coverageSchema":"332fd63041d2c1bcb487cc26dd0d5f7d97098a6c","hash":"4f42bc70a8a96d618f2f58a5d20634fd4f4305f8"}
,"/Users/mazhiwei/github/node/mosh/VIDLY/middleware/validate.js": {"path":"/Users/mazhiwei/github/node/mosh/VIDLY/middleware/validate.js","statementMap":{"0":{"start":{"line":1,"column":0},"end":{"line":7,"column":2}},"1":{"start":{"line":2,"column":2},"end":{"line":6,"column":4}},"2":{"start":{"line":3,"column":22},"end":{"line":3,"column":41}},"3":{"start":{"line":4,"column":4},"end":{"line":4,"column":69}},"4":{"start":{"line":4,"column":15},"end":{"line":4,"column":69}},"5":{"start":{"line":5,"column":4},"end":{"line":5,"column":11}}},"fnMap":{"0":{"name":"(anonymous_0)","decl":{"start":{"line":1,"column":17},"end":{"line":1,"column":18}},"loc":{"start":{"line":1,"column":30},"end":{"line":7,"column":1}},"line":1},"1":{"name":"(anonymous_1)","decl":{"start":{"line":2,"column":9},"end":{"line":2,"column":10}},"loc":{"start":{"line":2,"column":29},"end":{"line":6,"column":3}},"line":2}},"branchMap":{"0":{"loc":{"start":{"line":4,"column":4},"end":{"line":4,"column":69}},"type":"if","locations":[{"start":{"line":4,"column":4},"end":{"line":4,"column":69}},{"start":{"line":4,"column":4},"end":{"line":4,"column":69}}],"line":4}},"s":{"0":1,"1":1,"2":9,"3":9,"4":2,"5":7},"f":{"0":1,"1":9},"b":{"0":[2,7]},"_coverageSchema":"332fd63041d2c1bcb487cc26dd0d5f7d97098a6c","hash":"b57b3d42def0334fa0c05e3c32979bbae31d7dc1"}
,"/Users/mazhiwei/github/node/mosh/VIDLY/middleware/validateObjectId.js": {"path":"/Users/mazhiwei/github/node/mosh/VIDLY/middleware/validateObjectId.js","statementMap":{"0":{"start":{"line":1,"column":17},"end":{"line":1,"column":36}},"1":{"start":{"line":2,"column":0},"end":{"line":6,"column":2}},"2":{"start":{"line":3,"column":2},"end":{"line":4,"column":46}},"3":{"start":{"line":4,"column":4},"end":{"line":4,"column":46}},"4":{"start":{"line":5,"column":2},"end":{"line":5,"column":9}}},"fnMap":{"0":{"name":"(anonymous_0)","decl":{"start":{"line":2,"column":17},"end":{"line":2,"column":18}},"loc":{"start":{"line":2,"column":42},"end":{"line":6,"column":1}},"line":2}},"branchMap":{"0":{"loc":{"start":{"line":3,"column":2},"end":{"line":4,"column":46}},"type":"if","locations":[{"start":{"line":3,"column":2},"end":{"line":4,"column":46}},{"start":{"line":3,"column":2},"end":{"line":4,"column":46}}],"line":3}},"s":{"0":1,"1":1,"2":0,"3":0,"4":0},"f":{"0":0},"b":{"0":[0,0]},"_coverageSchema":"332fd63041d2c1bcb487cc26dd0d5f7d97098a6c","hash":"11c227bd7df3a1ff040ee667e72e770403f6a8a2"}
,"/Users/mazhiwei/github/node/mosh/VIDLY/models/customer.js": {"path":"/Users/mazhiwei/github/node/mosh/VIDLY/models/customer.js","statementMap":{"0":{"start":{"line":1,"column":17},"end":{"line":1,"column":36}},"1":{"start":{"line":2,"column":12},"end":{"line":2,"column":26}},"2":{"start":{"line":4,"column":23},"end":{"line":18,"column":2}},"3":{"start":{"line":20,"column":17},"end":{"line":20,"column":59}},"4":{"start":{"line":22,"column":16},"end":{"line":35,"column":1}},"5":{"start":{"line":23,"column":17},"end":{"line":33,"column":3}},"6":{"start":{"line":34,"column":2},"end":{"line":34,"column":40}},"7":{"start":{"line":37,"column":0},"end":{"line":37,"column":28}},"8":{"start":{"line":38,"column":0},"end":{"line":38,"column":26}}},"fnMap":{"0":{"name":"(anonymous_0)","decl":{"start":{"line":22,"column":16},"end":{"line":22,"column":17}},"loc":{"start":{"line":22,"column":28},"end":{"line":35,"column":1}},"line":22}},"branchMap":{},"s":{"0":1,"1":1,"2":1,"3":1,"4":1,"5":0,"6":0,"7":1,"8":1},"f":{"0":0},"b":{},"_coverageSchema":"332fd63041d2c1bcb487cc26dd0d5f7d97098a6c","hash":"57beda1ed0572c8d80c409cf14b54c002716c765"}
,"/Users/mazhiwei/github/node/mosh/VIDLY/models/genre.js": {"path":"/Users/mazhiwei/github/node/mosh/VIDLY/models/genre.js","statementMap":{"0":{"start":{"line":1,"column":17},"end":{"line":1,"column":36}},"1":{"start":{"line":2,"column":12},"end":{"line":2,"column":26}},"2":{"start":{"line":4,"column":20},"end":{"line":11,"column":2}},"3":{"start":{"line":13,"column":14},"end":{"line":13,"column":50}},"4":{"start":{"line":15,"column":16},"end":{"line":23,"column":1}},"5":{"start":{"line":16,"column":17},"end":{"line":21,"column":3}},"6":{"start":{"line":22,"column":2},"end":{"line":22,"column":37}},"7":{"start":{"line":25,"column":0},"end":{"line":25,"column":22}},"8":{"start":{"line":26,"column":0},"end":{"line":26,"column":26}},"9":{"start":{"line":27,"column":0},"end":{"line":27,"column":34}}},"fnMap":{"0":{"name":"(anonymous_0)","decl":{"start":{"line":15,"column":16},"end":{"line":15,"column":17}},"loc":{"start":{"line":15,"column":25},"end":{"line":23,"column":1}},"line":15}},"branchMap":{},"s":{"0":1,"1":1,"2":1,"3":1,"4":1,"5":0,"6":0,"7":1,"8":1,"9":1},"f":{"0":0},"b":{},"_coverageSchema":"332fd63041d2c1bcb487cc26dd0d5f7d97098a6c","hash":"99f6f29646b07208d76c276a955bc2b7b43a76e2"}
,"/Users/mazhiwei/github/node/mosh/VIDLY/models/movie.js": {"path":"/Users/mazhiwei/github/node/mosh/VIDLY/models/movie.js","statementMap":{"0":{"start":{"line":1,"column":12},"end":{"line":1,"column":26}},"1":{"start":{"line":2,"column":17},"end":{"line":2,"column":36}},"2":{"start":{"line":3,"column":24},"end":{"line":3,"column":42}},"3":{"start":{"line":5,"column":20},"end":{"line":29,"column":2}},"4":{"start":{"line":31,"column":14},"end":{"line":31,"column":50}},"5":{"start":{"line":34,"column":17},"end":{"line":46,"column":3}},"6":{"start":{"line":47,"column":2},"end":{"line":47,"column":37}},"7":{"start":{"line":50,"column":0},"end":{"line":50,"column":22}},"8":{"start":{"line":51,"column":0},"end":{"line":51,"column":26}}},"fnMap":{"0":{"name":"isValid","decl":{"start":{"line":33,"column":9},"end":{"line":33,"column":16}},"loc":{"start":{"line":33,"column":24},"end":{"line":48,"column":1}},"line":33}},"branchMap":{},"s":{"0":1,"1":1,"2":1,"3":1,"4":1,"5":0,"6":0,"7":1,"8":1},"f":{"0":0},"b":{},"_coverageSchema":"332fd63041d2c1bcb487cc26dd0d5f7d97098a6c","hash":"d839c090260a777527efce0faffac390a8db32b2"}
,"/Users/mazhiwei/github/node/mosh/VIDLY/models/rental.js": {"path":"/Users/mazhiwei/github/node/mosh/VIDLY/models/rental.js","statementMap":{"0":{"start":{"line":1,"column":17},"end":{"line":1,"column":36}},"1":{"start":{"line":2,"column":12},"end":{"line":2,"column":26}},"2":{"start":{"line":3,"column":15},"end":{"line":3,"column":32}},"3":{"start":{"line":5,"column":21},"end":{"line":57,"column":2}},"4":{"start":{"line":59,"column":0},"end":{"line":64,"column":2}},"5":{"start":{"line":60,"column":2},"end":{"line":63,"column":5}},"6":{"start":{"line":66,"column":0},"end":{"line":71,"column":2}},"7":{"start":{"line":67,"column":2},"end":{"line":67,"column":33}},"8":{"start":{"line":69,"column":2},"end":{"line":70,"column":69}},"9":{"start":{"line":73,"column":15},"end":{"line":73,"column":53}},"10":{"start":{"line":76,"column":17},"end":{"line":79,"column":3}},"11":{"start":{"line":80,"column":2},"end":{"line":80,"column":38}},"12":{"start":{"line":83,"column":0},"end":{"line":83,"column":26}},"13":{"start":{"line":84,"column":0},"end":{"line":84,"column":24}}},"fnMap":{"0":{"name":"(anonymous_0)","decl":{"start":{"line":59,"column":30},"end":{"line":59,"column":31}},"loc":{"start":{"line":59,"column":60},"end":{"line":64,"column":1}},"line":59},"1":{"name":"(anonymous_1)","decl":{"start":{"line":66,"column":30},"end":{"line":66,"column":31}},"loc":{"start":{"line":66,"column":41},"end":{"line":71,"column":1}},"line":66},"2":{"name":"isValid","decl":{"start":{"line":75,"column":9},"end":{"line":75,"column":16}},"loc":{"start":{"line":75,"column":25},"end":{"line":81,"column":1}},"line":75}},"branchMap":{},"s":{"0":1,"1":1,"2":1,"3":1,"4":1,"5":7,"6":1,"7":4,"8":4,"9":1,"10":0,"11":0,"12":1,"13":1},"f":{"0":7,"1":4,"2":0},"b":{},"_coverageSchema":"332fd63041d2c1bcb487cc26dd0d5f7d97098a6c","hash":"10eac1f70ca50560aeabbd2e299148dabda16edf"}
,"/Users/mazhiwei/github/node/mosh/VIDLY/models/user.js": {"path":"/Users/mazhiwei/github/node/mosh/VIDLY/models/user.js","statementMap":{"0":{"start":{"line":1,"column":17},"end":{"line":1,"column":36}},"1":{"start":{"line":2,"column":0},"end":{"line":2,"column":31}},"2":{"start":{"line":3,"column":12},"end":{"line":3,"column":26}},"3":{"start":{"line":4,"column":12},"end":{"line":4,"column":35}},"4":{"start":{"line":5,"column":15},"end":{"line":5,"column":32}},"5":{"start":{"line":7,"column":19},"end":{"line":29,"column":2}},"6":{"start":{"line":31,"column":0},"end":{"line":37,"column":2}},"7":{"start":{"line":32,"column":16},"end":{"line":35,"column":3}},"8":{"start":{"line":36,"column":2},"end":{"line":36,"column":15}},"9":{"start":{"line":39,"column":13},"end":{"line":39,"column":47}},"10":{"start":{"line":42,"column":2},"end":{"line":54,"column":4}},"11":{"start":{"line":55,"column":2},"end":{"line":55,"column":36}},"12":{"start":{"line":58,"column":0},"end":{"line":58,"column":20}},"13":{"start":{"line":59,"column":0},"end":{"line":59,"column":26}}},"fnMap":{"0":{"name":"(anonymous_0)","decl":{"start":{"line":31,"column":39},"end":{"line":31,"column":40}},"loc":{"start":{"line":31,"column":50},"end":{"line":37,"column":1}},"line":31},"1":{"name":"isValid","decl":{"start":{"line":41,"column":9},"end":{"line":41,"column":16}},"loc":{"start":{"line":41,"column":23},"end":{"line":56,"column":1}},"line":41}},"branchMap":{},"s":{"0":1,"1":1,"2":1,"3":1,"4":1,"5":1,"6":1,"7":10,"8":10,"9":1,"10":0,"11":0,"12":1,"13":1},"f":{"0":10,"1":0},"b":{},"_coverageSchema":"332fd63041d2c1bcb487cc26dd0d5f7d97098a6c","hash":"b4e1363fdb005b470b39debb4e545dc2bce78083"}
,"/Users/mazhiwei/github/node/mosh/VIDLY/routes/auth.js": {"path":"/Users/mazhiwei/github/node/mosh/VIDLY/routes/auth.js","statementMap":{"0":{"start":{"line":1,"column":16},"end":{"line":1,"column":34}},"1":{"start":{"line":2,"column":15},"end":{"line":2,"column":31}},"2":{"start":{"line":3,"column":15},"end":{"line":3,"column":32}},"3":{"start":{"line":4,"column":12},"end":{"line":4,"column":26}},"4":{"start":{"line":5,"column":17},"end":{"line":5,"column":42}},"5":{"start":{"line":7,"column":0},"end":{"line":27,"column":3}},"6":{"start":{"line":8,"column":2},"end":{"line":26,"column":3}},"7":{"start":{"line":9,"column":22},"end":{"line":9,"column":39}},"8":{"start":{"line":10,"column":4},"end":{"line":10,"column":69}},"9":{"start":{"line":10,"column":15},"end":{"line":10,"column":69}},"10":{"start":{"line":12,"column":32},"end":{"line":12,"column":40}},"11":{"start":{"line":14,"column":17},"end":{"line":14,"column":53}},"12":{"start":{"line":15,"column":4},"end":{"line":15,"column":61}},"13":{"start":{"line":15,"column":15},"end":{"line":15,"column":61}},"14":{"start":{"line":17,"column":26},"end":{"line":17,"column":71}},"15":{"start":{"line":19,"column":4},"end":{"line":19,"column":72}},"16":{"start":{"line":19,"column":24},"end":{"line":19,"column":72}},"17":{"start":{"line":21,"column":18},"end":{"line":21,"column":42}},"18":{"start":{"line":23,"column":4},"end":{"line":23,"column":20}},"19":{"start":{"line":25,"column":4},"end":{"line":25,"column":21}},"20":{"start":{"line":30,"column":2},"end":{"line":38,"column":4}},"21":{"start":{"line":39,"column":2},"end":{"line":39,"column":36}},"22":{"start":{"line":42,"column":0},"end":{"line":42,"column":24}}},"fnMap":{"0":{"name":"(anonymous_0)","decl":{"start":{"line":7,"column":17},"end":{"line":7,"column":18}},"loc":{"start":{"line":7,"column":37},"end":{"line":27,"column":1}},"line":7},"1":{"name":"isValid","decl":{"start":{"line":29,"column":9},"end":{"line":29,"column":16}},"loc":{"start":{"line":29,"column":23},"end":{"line":40,"column":1}},"line":29}},"branchMap":{"0":{"loc":{"start":{"line":10,"column":4},"end":{"line":10,"column":69}},"type":"if","locations":[{"start":{"line":10,"column":4},"end":{"line":10,"column":69}},{"start":{"line":10,"column":4},"end":{"line":10,"column":69}}],"line":10},"1":{"loc":{"start":{"line":15,"column":4},"end":{"line":15,"column":61}},"type":"if","locations":[{"start":{"line":15,"column":4},"end":{"line":15,"column":61}},{"start":{"line":15,"column":4},"end":{"line":15,"column":61}}],"line":15},"2":{"loc":{"start":{"line":19,"column":4},"end":{"line":19,"column":72}},"type":"if","locations":[{"start":{"line":19,"column":4},"end":{"line":19,"column":72}},{"start":{"line":19,"column":4},"end":{"line":19,"column":72}}],"line":19}},"s":{"0":1,"1":1,"2":1,"3":1,"4":1,"5":1,"6":0,"7":0,"8":0,"9":0,"10":0,"11":0,"12":0,"13":0,"14":0,"15":0,"16":0,"17":0,"18":0,"19":0,"20":0,"21":0,"22":1},"f":{"0":0,"1":0},"b":{"0":[0,0],"1":[0,0],"2":[0,0]},"_coverageSchema":"332fd63041d2c1bcb487cc26dd0d5f7d97098a6c","hash":"4f0dc0eb9059911bf70b331f9b5edf203e7c160f"}
,"/Users/mazhiwei/github/node/mosh/VIDLY/routes/customers.js": {"path":"/Users/mazhiwei/github/node/mosh/VIDLY/routes/customers.js","statementMap":{"0":{"start":{"line":1,"column":16},"end":{"line":1,"column":34}},"1":{"start":{"line":2,"column":15},"end":{"line":2,"column":31}},"2":{"start":{"line":3,"column":30},"end":{"line":3,"column":59}},"3":{"start":{"line":4,"column":13},"end":{"line":4,"column":42}},"4":{"start":{"line":6,"column":0},"end":{"line":13,"column":3}},"5":{"start":{"line":7,"column":2},"end":{"line":12,"column":3}},"6":{"start":{"line":8,"column":22},"end":{"line":8,"column":43}},"7":{"start":{"line":9,"column":4},"end":{"line":9,"column":24}},"8":{"start":{"line":11,"column":4},"end":{"line":11,"column":29}},"9":{"start":{"line":15,"column":0},"end":{"line":22,"column":3}},"10":{"start":{"line":16,"column":19},"end":{"line":16,"column":57}},"11":{"start":{"line":17,"column":2},"end":{"line":21,"column":3}},"12":{"start":{"line":18,"column":4},"end":{"line":18,"column":71}},"13":{"start":{"line":20,"column":4},"end":{"line":20,"column":23}},"14":{"start":{"line":24,"column":0},"end":{"line":47,"column":3}},"15":{"start":{"line":25,"column":20},"end":{"line":25,"column":37}},"16":{"start":{"line":26,"column":2},"end":{"line":26,"column":67}},"17":{"start":{"line":26,"column":13},"end":{"line":26,"column":67}},"18":{"start":{"line":28,"column":34},"end":{"line":28,"column":42}},"19":{"start":{"line":30,"column":17},"end":{"line":34,"column":4}},"20":{"start":{"line":36,"column":2},"end":{"line":40,"column":3}},"21":{"start":{"line":37,"column":4},"end":{"line":37,"column":37}},"22":{"start":{"line":39,"column":4},"end":{"line":39,"column":29}},"23":{"start":{"line":42,"column":2},"end":{"line":46,"column":3}},"24":{"start":{"line":43,"column":4},"end":{"line":43,"column":71}},"25":{"start":{"line":45,"column":4},"end":{"line":45,"column":23}},"26":{"start":{"line":49,"column":0},"end":{"line":65,"column":3}},"27":{"start":{"line":50,"column":34},"end":{"line":50,"column":42}},"28":{"start":{"line":51,"column":19},"end":{"line":59,"column":3}},"29":{"start":{"line":60,"column":2},"end":{"line":64,"column":3}},"30":{"start":{"line":61,"column":4},"end":{"line":61,"column":71}},"31":{"start":{"line":63,"column":4},"end":{"line":63,"column":23}},"32":{"start":{"line":67,"column":0},"end":{"line":74,"column":3}},"33":{"start":{"line":68,"column":19},"end":{"line":68,"column":66}},"34":{"start":{"line":69,"column":2},"end":{"line":73,"column":3}},"35":{"start":{"line":70,"column":4},"end":{"line":70,"column":71}},"36":{"start":{"line":72,"column":4},"end":{"line":72,"column":23}},"37":{"start":{"line":76,"column":0},"end":{"line":76,"column":24}}},"fnMap":{"0":{"name":"(anonymous_0)","decl":{"start":{"line":6,"column":16},"end":{"line":6,"column":17}},"loc":{"start":{"line":6,"column":36},"end":{"line":13,"column":1}},"line":6},"1":{"name":"(anonymous_1)","decl":{"start":{"line":15,"column":19},"end":{"line":15,"column":20}},"loc":{"start":{"line":15,"column":39},"end":{"line":22,"column":1}},"line":15},"2":{"name":"(anonymous_2)","decl":{"start":{"line":24,"column":23},"end":{"line":24,"column":24}},"loc":{"start":{"line":24,"column":43},"end":{"line":47,"column":1}},"line":24},"3":{"name":"(anonymous_3)","decl":{"start":{"line":49,"column":25},"end":{"line":49,"column":26}},"loc":{"start":{"line":49,"column":45},"end":{"line":65,"column":1}},"line":49},"4":{"name":"(anonymous_4)","decl":{"start":{"line":67,"column":28},"end":{"line":67,"column":29}},"loc":{"start":{"line":67,"column":48},"end":{"line":74,"column":1}},"line":67}},"branchMap":{"0":{"loc":{"start":{"line":17,"column":2},"end":{"line":21,"column":3}},"type":"if","locations":[{"start":{"line":17,"column":2},"end":{"line":21,"column":3}},{"start":{"line":17,"column":2},"end":{"line":21,"column":3}}],"line":17},"1":{"loc":{"start":{"line":26,"column":2},"end":{"line":26,"column":67}},"type":"if","locations":[{"start":{"line":26,"column":2},"end":{"line":26,"column":67}},{"start":{"line":26,"column":2},"end":{"line":26,"column":67}}],"line":26},"2":{"loc":{"start":{"line":42,"column":2},"end":{"line":46,"column":3}},"type":"if","locations":[{"start":{"line":42,"column":2},"end":{"line":46,"column":3}},{"start":{"line":42,"column":2},"end":{"line":46,"column":3}}],"line":42},"3":{"loc":{"start":{"line":60,"column":2},"end":{"line":64,"column":3}},"type":"if","locations":[{"start":{"line":60,"column":2},"end":{"line":64,"column":3}},{"start":{"line":60,"column":2},"end":{"line":64,"column":3}}],"line":60},"4":{"loc":{"start":{"line":69,"column":2},"end":{"line":73,"column":3}},"type":"if","locations":[{"start":{"line":69,"column":2},"end":{"line":73,"column":3}},{"start":{"line":69,"column":2},"end":{"line":73,"column":3}}],"line":69}},"s":{"0":1,"1":1,"2":1,"3":1,"4":1,"5":0,"6":0,"7":0,"8":0,"9":1,"10":0,"11":0,"12":0,"13":0,"14":1,"15":0,"16":0,"17":0,"18":0,"19":0,"20":0,"21":0,"22":0,"23":0,"24":0,"25":0,"26":1,"27":0,"28":0,"29":0,"30":0,"31":0,"32":1,"33":0,"34":0,"35":0,"36":0,"37":1},"f":{"0":0,"1":0,"2":0,"3":0,"4":0},"b":{"0":[0,0],"1":[0,0],"2":[0,0],"3":[0,0],"4":[0,0]},"_coverageSchema":"332fd63041d2c1bcb487cc26dd0d5f7d97098a6c","hash":"97f9c23ecaf45a8c7ac04f82321f82fb4a42a98e"}
,"/Users/mazhiwei/github/node/mosh/VIDLY/routes/genres.js": {"path":"/Users/mazhiwei/github/node/mosh/VIDLY/routes/genres.js","statementMap":{"0":{"start":{"line":1,"column":16},"end":{"line":1,"column":34}},"1":{"start":{"line":2,"column":15},"end":{"line":2,"column":31}},"2":{"start":{"line":3,"column":27},"end":{"line":3,"column":53}},"3":{"start":{"line":4,"column":13},"end":{"line":4,"column":42}},"4":{"start":{"line":5,"column":14},"end":{"line":5,"column":44}},"5":{"start":{"line":6,"column":24},"end":{"line":6,"column":54}},"6":{"start":{"line":7,"column":17},"end":{"line":7,"column":36}},"7":{"start":{"line":8,"column":25},"end":{"line":8,"column":66}},"8":{"start":{"line":10,"column":0},"end":{"line":13,"column":3}},"9":{"start":{"line":11,"column":17},"end":{"line":11,"column":35}},"10":{"start":{"line":12,"column":2},"end":{"line":12,"column":19}},"11":{"start":{"line":15,"column":0},"end":{"line":23,"column":3}},"12":{"start":{"line":16,"column":16},"end":{"line":16,"column":51}},"13":{"start":{"line":18,"column":2},"end":{"line":22,"column":3}},"14":{"start":{"line":19,"column":4},"end":{"line":19,"column":69}},"15":{"start":{"line":21,"column":4},"end":{"line":21,"column":27}},"16":{"start":{"line":25,"column":0},"end":{"line":41,"column":3}},"17":{"start":{"line":26,"column":20},"end":{"line":26,"column":37}},"18":{"start":{"line":27,"column":2},"end":{"line":40,"column":3}},"19":{"start":{"line":28,"column":4},"end":{"line":28,"column":58}},"20":{"start":{"line":30,"column":16},"end":{"line":32,"column":6}},"21":{"start":{"line":34,"column":4},"end":{"line":38,"column":5}},"22":{"start":{"line":35,"column":6},"end":{"line":35,"column":33}},"23":{"start":{"line":37,"column":6},"end":{"line":37,"column":31}},"24":{"start":{"line":39,"column":4},"end":{"line":39,"column":20}},"25":{"start":{"line":43,"column":0},"end":{"line":55,"column":3}},"26":{"start":{"line":44,"column":20},"end":{"line":44,"column":37}},"27":{"start":{"line":45,"column":2},"end":{"line":45,"column":67}},"28":{"start":{"line":45,"column":13},"end":{"line":45,"column":67}},"29":{"start":{"line":47,"column":16},"end":{"line":51,"column":3}},"30":{"start":{"line":53,"column":2},"end":{"line":53,"column":79}},"31":{"start":{"line":53,"column":14},"end":{"line":53,"column":79}},"32":{"start":{"line":54,"column":2},"end":{"line":54,"column":18}},"33":{"start":{"line":57,"column":0},"end":{"line":64,"column":3}},"34":{"start":{"line":58,"column":16},"end":{"line":58,"column":60}},"35":{"start":{"line":59,"column":2},"end":{"line":61,"column":3}},"36":{"start":{"line":60,"column":4},"end":{"line":60,"column":69}},"37":{"start":{"line":63,"column":2},"end":{"line":63,"column":18}},"38":{"start":{"line":66,"column":0},"end":{"line":66,"column":24}}},"fnMap":{"0":{"name":"(anonymous_0)","decl":{"start":{"line":10,"column":16},"end":{"line":10,"column":17}},"loc":{"start":{"line":10,"column":36},"end":{"line":13,"column":1}},"line":10},"1":{"name":"(anonymous_1)","decl":{"start":{"line":15,"column":37},"end":{"line":15,"column":38}},"loc":{"start":{"line":15,"column":57},"end":{"line":23,"column":1}},"line":15},"2":{"name":"(anonymous_2)","decl":{"start":{"line":25,"column":23},"end":{"line":25,"column":24}},"loc":{"start":{"line":25,"column":43},"end":{"line":41,"column":1}},"line":25},"3":{"name":"(anonymous_3)","decl":{"start":{"line":43,"column":25},"end":{"line":43,"column":26}},"loc":{"start":{"line":43,"column":45},"end":{"line":55,"column":1}},"line":43},"4":{"name":"(anonymous_4)","decl":{"start":{"line":57,"column":55},"end":{"line":57,"column":56}},"loc":{"start":{"line":57,"column":75},"end":{"line":64,"column":1}},"line":57}},"branchMap":{"0":{"loc":{"start":{"line":18,"column":2},"end":{"line":22,"column":3}},"type":"if","locations":[{"start":{"line":18,"column":2},"end":{"line":22,"column":3}},{"start":{"line":18,"column":2},"end":{"line":22,"column":3}}],"line":18},"1":{"loc":{"start":{"line":27,"column":2},"end":{"line":40,"column":3}},"type":"if","locations":[{"start":{"line":27,"column":2},"end":{"line":40,"column":3}},{"start":{"line":27,"column":2},"end":{"line":40,"column":3}}],"line":27},"2":{"loc":{"start":{"line":45,"column":2},"end":{"line":45,"column":67}},"type":"if","locations":[{"start":{"line":45,"column":2},"end":{"line":45,"column":67}},{"start":{"line":45,"column":2},"end":{"line":45,"column":67}}],"line":45},"3":{"loc":{"start":{"line":53,"column":2},"end":{"line":53,"column":79}},"type":"if","locations":[{"start":{"line":53,"column":2},"end":{"line":53,"column":79}},{"start":{"line":53,"column":2},"end":{"line":53,"column":79}}],"line":53},"4":{"loc":{"start":{"line":59,"column":2},"end":{"line":61,"column":3}},"type":"if","locations":[{"start":{"line":59,"column":2},"end":{"line":61,"column":3}},{"start":{"line":59,"column":2},"end":{"line":61,"column":3}}],"line":59}},"s":{"0":1,"1":1,"2":1,"3":1,"4":1,"5":1,"6":1,"7":1,"8":1,"9":0,"10":0,"11":1,"12":0,"13":0,"14":0,"15":0,"16":1,"17":0,"18":0,"19":0,"20":0,"21":0,"22":0,"23":0,"24":0,"25":1,"26":0,"27":0,"28":0,"29":0,"30":0,"31":0,"32":0,"33":1,"34":0,"35":0,"36":0,"37":0,"38":1},"f":{"0":0,"1":0,"2":0,"3":0,"4":0},"b":{"0":[0,0],"1":[0,0],"2":[0,0],"3":[0,0],"4":[0,0]},"_coverageSchema":"332fd63041d2c1bcb487cc26dd0d5f7d97098a6c","hash":"dd22dfed96365e2203846c0b77750b4e64b09ad4"}
,"/Users/mazhiwei/github/node/mosh/VIDLY/routes/home.js": {"path":"/Users/mazhiwei/github/node/mosh/VIDLY/routes/home.js","statementMap":{"0":{"start":{"line":1,"column":16},"end":{"line":1,"column":34}},"1":{"start":{"line":2,"column":15},"end":{"line":2,"column":31}},"2":{"start":{"line":4,"column":0},"end":{"line":6,"column":3}},"3":{"start":{"line":5,"column":2},"end":{"line":5,"column":43}},"4":{"start":{"line":8,"column":0},"end":{"line":8,"column":24}}},"fnMap":{"0":{"name":"(anonymous_0)","decl":{"start":{"line":4,"column":16},"end":{"line":4,"column":17}},"loc":{"start":{"line":4,"column":30},"end":{"line":6,"column":1}},"line":4}},"branchMap":{},"s":{"0":1,"1":1,"2":1,"3":0,"4":1},"f":{"0":0},"b":{},"_coverageSchema":"332fd63041d2c1bcb487cc26dd0d5f7d97098a6c","hash":"74dd5abe29844a71c063a8c92fbcd4c5df886883"}
,"/Users/mazhiwei/github/node/mosh/VIDLY/routes/movies.js": {"path":"/Users/mazhiwei/github/node/mosh/VIDLY/routes/movies.js","statementMap":{"0":{"start":{"line":1,"column":27},"end":{"line":1,"column":53}},"1":{"start":{"line":2,"column":16},"end":{"line":2,"column":34}},"2":{"start":{"line":3,"column":15},"end":{"line":3,"column":31}},"3":{"start":{"line":4,"column":18},"end":{"line":4,"column":44}},"4":{"start":{"line":5,"column":13},"end":{"line":5,"column":42}},"5":{"start":{"line":7,"column":0},"end":{"line":14,"column":3}},"6":{"start":{"line":8,"column":2},"end":{"line":13,"column":3}},"7":{"start":{"line":9,"column":19},"end":{"line":9,"column":37}},"8":{"start":{"line":10,"column":4},"end":{"line":10,"column":21}},"9":{"start":{"line":12,"column":4},"end":{"line":12,"column":29}},"10":{"start":{"line":16,"column":0},"end":{"line":24,"column":3}},"11":{"start":{"line":17,"column":2},"end":{"line":23,"column":3}},"12":{"start":{"line":18,"column":18},"end":{"line":18,"column":53}},"13":{"start":{"line":19,"column":4},"end":{"line":19,"column":80}},"14":{"start":{"line":19,"column":16},"end":{"line":19,"column":80}},"15":{"start":{"line":20,"column":4},"end":{"line":20,"column":20}},"16":{"start":{"line":22,"column":4},"end":{"line":22,"column":29}},"17":{"start":{"line":26,"column":0},"end":{"line":46,"column":3}},"18":{"start":{"line":27,"column":20},"end":{"line":27,"column":37}},"19":{"start":{"line":28,"column":2},"end":{"line":28,"column":67}},"20":{"start":{"line":28,"column":13},"end":{"line":28,"column":67}},"21":{"start":{"line":30,"column":61},"end":{"line":30,"column":69}},"22":{"start":{"line":32,"column":16},"end":{"line":32,"column":54}},"23":{"start":{"line":33,"column":2},"end":{"line":33,"column":59}},"24":{"start":{"line":33,"column":14},"end":{"line":33,"column":59}},"25":{"start":{"line":35,"column":16},"end":{"line":43,"column":4}},"26":{"start":{"line":44,"column":2},"end":{"line":44,"column":15}},"27":{"start":{"line":45,"column":2},"end":{"line":45,"column":18}},"28":{"start":{"line":48,"column":0},"end":{"line":74,"column":3}},"29":{"start":{"line":49,"column":20},"end":{"line":49,"column":37}},"30":{"start":{"line":50,"column":2},"end":{"line":50,"column":67}},"31":{"start":{"line":50,"column":13},"end":{"line":50,"column":67}},"32":{"start":{"line":52,"column":61},"end":{"line":52,"column":69}},"33":{"start":{"line":54,"column":16},"end":{"line":54,"column":54}},"34":{"start":{"line":55,"column":2},"end":{"line":55,"column":59}},"35":{"start":{"line":55,"column":14},"end":{"line":55,"column":59}},"36":{"start":{"line":57,"column":2},"end":{"line":70,"column":4}},"37":{"start":{"line":71,"column":2},"end":{"line":71,"column":70}},"38":{"start":{"line":71,"column":14},"end":{"line":71,"column":70}},"39":{"start":{"line":72,"column":2},"end":{"line":72,"column":46}},"40":{"start":{"line":73,"column":2},"end":{"line":73,"column":18}},"41":{"start":{"line":76,"column":0},"end":{"line":80,"column":3}},"42":{"start":{"line":77,"column":16},"end":{"line":77,"column":69}},"43":{"start":{"line":78,"column":2},"end":{"line":78,"column":70}},"44":{"start":{"line":78,"column":14},"end":{"line":78,"column":70}},"45":{"start":{"line":79,"column":2},"end":{"line":79,"column":18}},"46":{"start":{"line":82,"column":0},"end":{"line":82,"column":24}}},"fnMap":{"0":{"name":"(anonymous_0)","decl":{"start":{"line":7,"column":16},"end":{"line":7,"column":17}},"loc":{"start":{"line":7,"column":36},"end":{"line":14,"column":1}},"line":7},"1":{"name":"(anonymous_1)","decl":{"start":{"line":16,"column":19},"end":{"line":16,"column":20}},"loc":{"start":{"line":16,"column":39},"end":{"line":24,"column":1}},"line":16},"2":{"name":"(anonymous_2)","decl":{"start":{"line":26,"column":23},"end":{"line":26,"column":24}},"loc":{"start":{"line":26,"column":43},"end":{"line":46,"column":1}},"line":26},"3":{"name":"(anonymous_3)","decl":{"start":{"line":48,"column":25},"end":{"line":48,"column":26}},"loc":{"start":{"line":48,"column":45},"end":{"line":74,"column":1}},"line":48},"4":{"name":"(anonymous_4)","decl":{"start":{"line":76,"column":28},"end":{"line":76,"column":29}},"loc":{"start":{"line":76,"column":48},"end":{"line":80,"column":1}},"line":76}},"branchMap":{"0":{"loc":{"start":{"line":19,"column":4},"end":{"line":19,"column":80}},"type":"if","locations":[{"start":{"line":19,"column":4},"end":{"line":19,"column":80}},{"start":{"line":19,"column":4},"end":{"line":19,"column":80}}],"line":19},"1":{"loc":{"start":{"line":28,"column":2},"end":{"line":28,"column":67}},"type":"if","locations":[{"start":{"line":28,"column":2},"end":{"line":28,"column":67}},{"start":{"line":28,"column":2},"end":{"line":28,"column":67}}],"line":28},"2":{"loc":{"start":{"line":33,"column":2},"end":{"line":33,"column":59}},"type":"if","locations":[{"start":{"line":33,"column":2},"end":{"line":33,"column":59}},{"start":{"line":33,"column":2},"end":{"line":33,"column":59}}],"line":33},"3":{"loc":{"start":{"line":50,"column":2},"end":{"line":50,"column":67}},"type":"if","locations":[{"start":{"line":50,"column":2},"end":{"line":50,"column":67}},{"start":{"line":50,"column":2},"end":{"line":50,"column":67}}],"line":50},"4":{"loc":{"start":{"line":55,"column":2},"end":{"line":55,"column":59}},"type":"if","locations":[{"start":{"line":55,"column":2},"end":{"line":55,"column":59}},{"start":{"line":55,"column":2},"end":{"line":55,"column":59}}],"line":55},"5":{"loc":{"start":{"line":71,"column":2},"end":{"line":71,"column":70}},"type":"if","locations":[{"start":{"line":71,"column":2},"end":{"line":71,"column":70}},{"start":{"line":71,"column":2},"end":{"line":71,"column":70}}],"line":71},"6":{"loc":{"start":{"line":78,"column":2},"end":{"line":78,"column":70}},"type":"if","locations":[{"start":{"line":78,"column":2},"end":{"line":78,"column":70}},{"start":{"line":78,"column":2},"end":{"line":78,"column":70}}],"line":78}},"s":{"0":1,"1":1,"2":1,"3":1,"4":1,"5":1,"6":0,"7":0,"8":0,"9":0,"10":1,"11":0,"12":0,"13":0,"14":0,"15":0,"16":0,"17":1,"18":0,"19":0,"20":0,"21":0,"22":0,"23":0,"24":0,"25":0,"26":0,"27":0,"28":1,"29":0,"30":0,"31":0,"32":0,"33":0,"34":0,"35":0,"36":0,"37":0,"38":0,"39":0,"40":0,"41":1,"42":0,"43":0,"44":0,"45":0,"46":1},"f":{"0":0,"1":0,"2":0,"3":0,"4":0},"b":{"0":[0,0],"1":[0,0],"2":[0,0],"3":[0,0],"4":[0,0],"5":[0,0],"6":[0,0]},"_coverageSchema":"332fd63041d2c1bcb487cc26dd0d5f7d97098a6c","hash":"cfc3159e76d9aadcc247f6ddc12dd0a007ace305"}
,"/Users/mazhiwei/github/node/mosh/VIDLY/routes/rentals.js": {"path":"/Users/mazhiwei/github/node/mosh/VIDLY/routes/rentals.js","statementMap":{"0":{"start":{"line":1,"column":16},"end":{"line":1,"column":34}},"1":{"start":{"line":2,"column":15},"end":{"line":2,"column":31}},"2":{"start":{"line":3,"column":21},"end":{"line":3,"column":50}},"3":{"start":{"line":4,"column":18},"end":{"line":4,"column":44}},"4":{"start":{"line":5,"column":28},"end":{"line":5,"column":55}},"5":{"start":{"line":6,"column":17},"end":{"line":6,"column":36}},"6":{"start":{"line":7,"column":13},"end":{"line":7,"column":28}},"7":{"start":{"line":8,"column":13},"end":{"line":8,"column":42}},"8":{"start":{"line":10,"column":0},"end":{"line":10,"column":20}},"9":{"start":{"line":12,"column":0},"end":{"line":15,"column":3}},"10":{"start":{"line":13,"column":18},"end":{"line":13,"column":54}},"11":{"start":{"line":14,"column":2},"end":{"line":14,"column":20}},"12":{"start":{"line":17,"column":0},"end":{"line":64,"column":3}},"13":{"start":{"line":18,"column":2},"end":{"line":63,"column":3}},"14":{"start":{"line":19,"column":22},"end":{"line":19,"column":39}},"15":{"start":{"line":20,"column":4},"end":{"line":20,"column":69}},"16":{"start":{"line":20,"column":15},"end":{"line":20,"column":69}},"17":{"start":{"line":22,"column":36},"end":{"line":22,"column":44}},"18":{"start":{"line":24,"column":21},"end":{"line":24,"column":56}},"19":{"start":{"line":25,"column":4},"end":{"line":25,"column":67}},"20":{"start":{"line":25,"column":19},"end":{"line":25,"column":67}},"21":{"start":{"line":27,"column":18},"end":{"line":27,"column":47}},"22":{"start":{"line":28,"column":4},"end":{"line":28,"column":61}},"23":{"start":{"line":28,"column":16},"end":{"line":28,"column":61}},"24":{"start":{"line":29,"column":4},"end":{"line":30,"column":57}},"25":{"start":{"line":30,"column":6},"end":{"line":30,"column":57}},"26":{"start":{"line":32,"column":17},"end":{"line":43,"column":6}},"27":{"start":{"line":45,"column":4},"end":{"line":60,"column":5}},"28":{"start":{"line":46,"column":6},"end":{"line":55,"column":15}},"29":{"start":{"line":57,"column":6},"end":{"line":57,"column":23}},"30":{"start":{"line":59,"column":6},"end":{"line":59,"column":49}},"31":{"start":{"line":62,"column":4},"end":{"line":62,"column":29}},"32":{"start":{"line":66,"column":0},"end":{"line":66,"column":24}}},"fnMap":{"0":{"name":"(anonymous_0)","decl":{"start":{"line":12,"column":16},"end":{"line":12,"column":17}},"loc":{"start":{"line":12,"column":36},"end":{"line":15,"column":1}},"line":12},"1":{"name":"(anonymous_1)","decl":{"start":{"line":17,"column":23},"end":{"line":17,"column":24}},"loc":{"start":{"line":17,"column":43},"end":{"line":64,"column":1}},"line":17}},"branchMap":{"0":{"loc":{"start":{"line":20,"column":4},"end":{"line":20,"column":69}},"type":"if","locations":[{"start":{"line":20,"column":4},"end":{"line":20,"column":69}},{"start":{"line":20,"column":4},"end":{"line":20,"column":69}}],"line":20},"1":{"loc":{"start":{"line":25,"column":4},"end":{"line":25,"column":67}},"type":"if","locations":[{"start":{"line":25,"column":4},"end":{"line":25,"column":67}},{"start":{"line":25,"column":4},"end":{"line":25,"column":67}}],"line":25},"2":{"loc":{"start":{"line":28,"column":4},"end":{"line":28,"column":61}},"type":"if","locations":[{"start":{"line":28,"column":4},"end":{"line":28,"column":61}},{"start":{"line":28,"column":4},"end":{"line":28,"column":61}}],"line":28},"3":{"loc":{"start":{"line":29,"column":4},"end":{"line":30,"column":57}},"type":"if","locations":[{"start":{"line":29,"column":4},"end":{"line":30,"column":57}},{"start":{"line":29,"column":4},"end":{"line":30,"column":57}}],"line":29}},"s":{"0":1,"1":1,"2":1,"3":1,"4":1,"5":1,"6":1,"7":1,"8":1,"9":1,"10":0,"11":0,"12":1,"13":0,"14":0,"15":0,"16":0,"17":0,"18":0,"19":0,"20":0,"21":0,"22":0,"23":0,"24":0,"25":0,"26":0,"27":0,"28":0,"29":0,"30":0,"31":0,"32":1},"f":{"0":0,"1":0},"b":{"0":[0,0],"1":[0,0],"2":[0,0],"3":[0,0]},"_coverageSchema":"332fd63041d2c1bcb487cc26dd0d5f7d97098a6c","hash":"a03b7ba43ab0e73a6a6401fd5e2489a4ced0a4cd"}
,"/Users/mazhiwei/github/node/mosh/VIDLY/routes/returns.js": {"path":"/Users/mazhiwei/github/node/mosh/VIDLY/routes/returns.js","statementMap":{"0":{"start":{"line":1,"column":16},"end":{"line":1,"column":34}},"1":{"start":{"line":2,"column":15},"end":{"line":2,"column":31}},"2":{"start":{"line":3,"column":13},"end":{"line":3,"column":42}},"3":{"start":{"line":4,"column":19},"end":{"line":4,"column":46}},"4":{"start":{"line":5,"column":18},"end":{"line":5,"column":44}},"5":{"start":{"line":6,"column":12},"end":{"line":6,"column":26}},"6":{"start":{"line":7,"column":17},"end":{"line":7,"column":50}},"7":{"start":{"line":9,"column":23},"end":{"line":15,"column":1}},"8":{"start":{"line":10,"column":17},"end":{"line":13,"column":3}},"9":{"start":{"line":14,"column":2},"end":{"line":14,"column":35}},"10":{"start":{"line":17,"column":0},"end":{"line":30,"column":3}},"11":{"start":{"line":18,"column":17},"end":{"line":18,"column":75}},"12":{"start":{"line":20,"column":2},"end":{"line":20,"column":66}},"13":{"start":{"line":20,"column":15},"end":{"line":20,"column":66}},"14":{"start":{"line":22,"column":2},"end":{"line":22,"column":76}},"15":{"start":{"line":22,"column":27},"end":{"line":22,"column":76}},"16":{"start":{"line":24,"column":2},"end":{"line":24,"column":18}},"17":{"start":{"line":25,"column":2},"end":{"line":25,"column":22}},"18":{"start":{"line":27,"column":2},"end":{"line":27,"column":80}},"19":{"start":{"line":29,"column":2},"end":{"line":29,"column":26}},"20":{"start":{"line":32,"column":0},"end":{"line":32,"column":24}}},"fnMap":{"0":{"name":"(anonymous_0)","decl":{"start":{"line":9,"column":23},"end":{"line":9,"column":24}},"loc":{"start":{"line":9,"column":30},"end":{"line":15,"column":1}},"line":9},"1":{"name":"(anonymous_1)","decl":{"start":{"line":17,"column":51},"end":{"line":17,"column":52}},"loc":{"start":{"line":17,"column":71},"end":{"line":30,"column":1}},"line":17}},"branchMap":{"0":{"loc":{"start":{"line":20,"column":2},"end":{"line":20,"column":66}},"type":"if","locations":[{"start":{"line":20,"column":2},"end":{"line":20,"column":66}},{"start":{"line":20,"column":2},"end":{"line":20,"column":66}}],"line":20},"1":{"loc":{"start":{"line":22,"column":2},"end":{"line":22,"column":76}},"type":"if","locations":[{"start":{"line":22,"column":2},"end":{"line":22,"column":76}},{"start":{"line":22,"column":2},"end":{"line":22,"column":76}}],"line":22}},"s":{"0":1,"1":1,"2":1,"3":1,"4":1,"5":1,"6":1,"7":1,"8":9,"9":9,"10":1,"11":7,"12":7,"13":1,"14":6,"15":2,"16":4,"17":4,"18":4,"19":4,"20":1},"f":{"0":9,"1":7},"b":{"0":[1,6],"1":[2,4]},"_coverageSchema":"332fd63041d2c1bcb487cc26dd0d5f7d97098a6c","hash":"d066f9ae2e1daf11d7c5f48a506ea2e3227ff063"}
,"/Users/mazhiwei/github/node/mosh/VIDLY/routes/users.js": {"path":"/Users/mazhiwei/github/node/mosh/VIDLY/routes/users.js","statementMap":{"0":{"start":{"line":1,"column":26},"end":{"line":1,"column":51}},"1":{"start":{"line":2,"column":16},"end":{"line":2,"column":34}},"2":{"start":{"line":3,"column":15},"end":{"line":3,"column":31}},"3":{"start":{"line":4,"column":10},"end":{"line":4,"column":27}},"4":{"start":{"line":5,"column":15},"end":{"line":5,"column":32}},"5":{"start":{"line":6,"column":13},"end":{"line":6,"column":42}},"6":{"start":{"line":8,"column":0},"end":{"line":11,"column":3}},"7":{"start":{"line":9,"column":16},"end":{"line":9,"column":33}},"8":{"start":{"line":10,"column":2},"end":{"line":10,"column":18}},"9":{"start":{"line":13,"column":0},"end":{"line":16,"column":3}},"10":{"start":{"line":14,"column":15},"end":{"line":14,"column":68}},"11":{"start":{"line":15,"column":2},"end":{"line":15,"column":17}},"12":{"start":{"line":18,"column":0},"end":{"line":43,"column":3}},"13":{"start":{"line":19,"column":20},"end":{"line":19,"column":37}},"14":{"start":{"line":20,"column":2},"end":{"line":20,"column":67}},"15":{"start":{"line":20,"column":13},"end":{"line":20,"column":67}},"16":{"start":{"line":22,"column":34},"end":{"line":22,"column":42}},"17":{"start":{"line":24,"column":13},"end":{"line":24,"column":49}},"18":{"start":{"line":25,"column":2},"end":{"line":25,"column":67}},"19":{"start":{"line":25,"column":12},"end":{"line":25,"column":67}},"20":{"start":{"line":27,"column":15},"end":{"line":27,"column":39}},"21":{"start":{"line":28,"column":2},"end":{"line":28,"column":47}},"22":{"start":{"line":30,"column":2},"end":{"line":34,"column":5}},"23":{"start":{"line":36,"column":16},"end":{"line":36,"column":40}},"24":{"start":{"line":38,"column":2},"end":{"line":38,"column":14}},"25":{"start":{"line":40,"column":2},"end":{"line":42,"column":50}},"26":{"start":{"line":45,"column":0},"end":{"line":45,"column":24}}},"fnMap":{"0":{"name":"(anonymous_0)","decl":{"start":{"line":8,"column":16},"end":{"line":8,"column":17}},"loc":{"start":{"line":8,"column":36},"end":{"line":11,"column":1}},"line":8},"1":{"name":"(anonymous_1)","decl":{"start":{"line":13,"column":24},"end":{"line":13,"column":25}},"loc":{"start":{"line":13,"column":44},"end":{"line":16,"column":1}},"line":13},"2":{"name":"(anonymous_2)","decl":{"start":{"line":18,"column":17},"end":{"line":18,"column":18}},"loc":{"start":{"line":18,"column":37},"end":{"line":43,"column":1}},"line":18}},"branchMap":{"0":{"loc":{"start":{"line":20,"column":2},"end":{"line":20,"column":67}},"type":"if","locations":[{"start":{"line":20,"column":2},"end":{"line":20,"column":67}},{"start":{"line":20,"column":2},"end":{"line":20,"column":67}}],"line":20},"1":{"loc":{"start":{"line":25,"column":2},"end":{"line":25,"column":67}},"type":"if","locations":[{"start":{"line":25,"column":2},"end":{"line":25,"column":67}},{"start":{"line":25,"column":2},"end":{"line":25,"column":67}}],"line":25}},"s":{"0":1,"1":1,"2":1,"3":1,"4":1,"5":1,"6":1,"7":0,"8":0,"9":1,"10":0,"11":0,"12":1,"13":0,"14":0,"15":0,"16":0,"17":0,"18":0,"19":0,"20":0,"21":0,"22":0,"23":0,"24":0,"25":0,"26":1},"f":{"0":0,"1":0,"2":0},"b":{"0":[0,0],"1":[0,0]},"_coverageSchema":"332fd63041d2c1bcb487cc26dd0d5f7d97098a6c","hash":"7e9ff6579a91ddbfce145ec6d1eea569c0c89af0"}
,"/Users/mazhiwei/github/node/mosh/VIDLY/startup/config.js": {"path":"/Users/mazhiwei/github/node/mosh/VIDLY/startup/config.js","statementMap":{"0":{"start":{"line":1,"column":15},"end":{"line":1,"column":32}},"1":{"start":{"line":3,"column":0},"end":{"line":8,"column":2}},"2":{"start":{"line":5,"column":2},"end":{"line":7,"column":3}},"3":{"start":{"line":6,"column":4},"end":{"line":6,"column":59}}},"fnMap":{"0":{"name":"(anonymous_0)","decl":{"start":{"line":3,"column":17},"end":{"line":3,"column":18}},"loc":{"start":{"line":3,"column":28},"end":{"line":8,"column":1}},"line":3}},"branchMap":{"0":{"loc":{"start":{"line":5,"column":2},"end":{"line":7,"column":3}},"type":"if","locations":[{"start":{"line":5,"column":2},"end":{"line":7,"column":3}},{"start":{"line":5,"column":2},"end":{"line":7,"column":3}}],"line":5}},"s":{"0":1,"1":1,"2":1,"3":0},"f":{"0":1},"b":{"0":[0,1]},"_coverageSchema":"332fd63041d2c1bcb487cc26dd0d5f7d97098a6c","hash":"6f29396ea96eb894bf7c7edca534d66757106f29"}
,"/Users/mazhiwei/github/node/mosh/VIDLY/startup/db.js": {"path":"/Users/mazhiwei/github/node/mosh/VIDLY/startup/db.js","statementMap":{"0":{"start":{"line":1,"column":17},"end":{"line":1,"column":36}},"1":{"start":{"line":2,"column":16},"end":{"line":2,"column":34}},"2":{"start":{"line":3,"column":15},"end":{"line":3,"column":32}},"3":{"start":{"line":5,"column":0},"end":{"line":13,"column":2}},"4":{"start":{"line":6,"column":13},"end":{"line":6,"column":29}},"5":{"start":{"line":7,"column":2},"end":{"line":12,"column":52}},"6":{"start":{"line":12,"column":16},"end":{"line":12,"column":50}}},"fnMap":{"0":{"name":"(anonymous_0)","decl":{"start":{"line":5,"column":17},"end":{"line":5,"column":18}},"loc":{"start":{"line":5,"column":28},"end":{"line":13,"column":1}},"line":5},"1":{"name":"(anonymous_1)","decl":{"start":{"line":12,"column":10},"end":{"line":12,"column":11}},"loc":{"start":{"line":12,"column":16},"end":{"line":12,"column":50}},"line":12}},"branchMap":{},"s":{"0":1,"1":1,"2":1,"3":1,"4":1,"5":1,"6":1},"f":{"0":1,"1":1},"b":{},"_coverageSchema":"332fd63041d2c1bcb487cc26dd0d5f7d97098a6c","hash":"f443514c61ebb10b42d2df2ad63edfc36adad8f3"}
,"/Users/mazhiwei/github/node/mosh/VIDLY/startup/login.js": {"path":"/Users/mazhiwei/github/node/mosh/VIDLY/startup/login.js","statementMap":{"0":{"start":{"line":1,"column":16},"end":{"line":1,"column":34}},"1":{"start":{"line":3,"column":0},"end":{"line":3,"column":32}},"2":{"start":{"line":5,"column":0},"end":{"line":20,"column":2}},"3":{"start":{"line":6,"column":2},"end":{"line":9,"column":4}},"4":{"start":{"line":11,"column":2},"end":{"line":13,"column":5}},"5":{"start":{"line":12,"column":4},"end":{"line":12,"column":13}},"6":{"start":{"line":15,"column":2},"end":{"line":15,"column":68}}},"fnMap":{"0":{"name":"(anonymous_0)","decl":{"start":{"line":5,"column":17},"end":{"line":5,"column":18}},"loc":{"start":{"line":5,"column":28},"end":{"line":20,"column":1}},"line":5},"1":{"name":"(anonymous_1)","decl":{"start":{"line":11,"column":35},"end":{"line":11,"column":36}},"loc":{"start":{"line":11,"column":41},"end":{"line":13,"column":3}},"line":11}},"branchMap":{},"s":{"0":1,"1":1,"2":1,"3":1,"4":1,"5":0,"6":1},"f":{"0":1,"1":0},"b":{},"_coverageSchema":"332fd63041d2c1bcb487cc26dd0d5f7d97098a6c","hash":"c2ec2a042255d89a85671c42c6ad1c27d4729b52"}
,"/Users/mazhiwei/github/node/mosh/VIDLY/startup/routes.js": {"path":"/Users/mazhiwei/github/node/mosh/VIDLY/startup/routes.js","statementMap":{"0":{"start":{"line":1,"column":16},"end":{"line":1,"column":34}},"1":{"start":{"line":2,"column":16},"end":{"line":2,"column":44}},"2":{"start":{"line":3,"column":15},"end":{"line":3,"column":42}},"3":{"start":{"line":4,"column":18},"end":{"line":4,"column":48}},"4":{"start":{"line":5,"column":15},"end":{"line":5,"column":42}},"5":{"start":{"line":6,"column":16},"end":{"line":6,"column":44}},"6":{"start":{"line":7,"column":14},"end":{"line":7,"column":40}},"7":{"start":{"line":8,"column":13},"end":{"line":8,"column":38}},"8":{"start":{"line":9,"column":13},"end":{"line":9,"column":38}},"9":{"start":{"line":10,"column":14},"end":{"line":10,"column":44}},"10":{"start":{"line":12,"column":0},"end":{"line":23,"column":2}},"11":{"start":{"line":13,"column":2},"end":{"line":13,"column":26}},"12":{"start":{"line":14,"column":2},"end":{"line":14,"column":21}},"13":{"start":{"line":15,"column":2},"end":{"line":15,"column":33}},"14":{"start":{"line":16,"column":2},"end":{"line":16,"column":39}},"15":{"start":{"line":17,"column":2},"end":{"line":17,"column":33}},"16":{"start":{"line":18,"column":2},"end":{"line":18,"column":35}},"17":{"start":{"line":19,"column":2},"end":{"line":19,"column":31}},"18":{"start":{"line":20,"column":2},"end":{"line":20,"column":29}},"19":{"start":{"line":21,"column":2},"end":{"line":21,"column":35}},"20":{"start":{"line":22,"column":2},"end":{"line":22,"column":17}}},"fnMap":{"0":{"name":"(anonymous_0)","decl":{"start":{"line":12,"column":17},"end":{"line":12,"column":18}},"loc":{"start":{"line":12,"column":31},"end":{"line":23,"column":1}},"line":12}},"branchMap":{},"s":{"0":1,"1":1,"2":1,"3":1,"4":1,"5":1,"6":1,"7":1,"8":1,"9":1,"10":1,"11":1,"12":1,"13":1,"14":1,"15":1,"16":1,"17":1,"18":1,"19":1,"20":1},"f":{"0":1},"b":{},"_coverageSchema":"332fd63041d2c1bcb487cc26dd0d5f7d97098a6c","hash":"b8b71827a55c073383a563d7f45c6c707d6be21a"}
,"/Users/mazhiwei/github/node/mosh/VIDLY/startup/validation.js": {"path":"/Users/mazhiwei/github/node/mosh/VIDLY/startup/validation.js","statementMap":{"0":{"start":{"line":1,"column":12},"end":{"line":1,"column":26}},"1":{"start":{"line":3,"column":0},"end":{"line":5,"column":2}},"2":{"start":{"line":4,"column":2},"end":{"line":4,"column":46}}},"fnMap":{"0":{"name":"(anonymous_0)","decl":{"start":{"line":3,"column":17},"end":{"line":3,"column":18}},"loc":{"start":{"line":3,"column":28},"end":{"line":5,"column":1}},"line":3}},"branchMap":{},"s":{"0":1,"1":1,"2":1},"f":{"0":1},"b":{},"_coverageSchema":"332fd63041d2c1bcb487cc26dd0d5f7d97098a6c","hash":"51a9f9e1cc55a037d50cbe0d7e9f9c37403f3cf2"}
}
